<?xml version="1.0" encoding="UTF-8"?>
<!-- Generated by org.testng.reporters.JUnitReportReporter -->
<testsuite skipped="0" hostname="DESKTOP-7B2H7EG" name="Assignments.astro_WebAutomation.TestCases_Web" tests="1" failures="0" timestamp="26 Aug 2019 20:55:28 GMT" time="47.316" errors="0">
  <testcase name="sortedSearchResultPrint" time="47.316" classname="Assignments.astro_WebAutomation.TestCases_Web"/>
</testsuite> <!-- Assignments.astro_WebAutomation.TestCases_Web -->
