<?xml version="1.0" encoding="UTF-8"?>
<!-- Generated by org.testng.reporters.JUnitReportReporter -->
<testsuite skipped="0" hostname="DESKTOP-7B2H7EG" name="Assignments.astro_WebAutomation.TestCases_Web" tests="1" failures="0" timestamp="25 Aug 2019 09:38:40 GMT" time="25.206" errors="0">
  <testcase name="SearchResultPrint" time="25.206" classname="Assignments.astro_WebAutomation.TestCases_Web"/>
</testsuite> <!-- Assignments.astro_WebAutomation.TestCases_Web -->
